✓ Incompletude Infinita carregada automaticamente
[2025-10-04 03:33:49] ======================================================================
[2025-10-04 03:33:49] 🌉 V7 ↔ DARWIN REALTIME BRIDGE
[2025-10-04 03:33:49] ======================================================================
[2025-10-04 03:33:49] 
======================================================================
[2025-10-04 03:33:49] TRANSFER 1/50
[2025-10-04 03:33:49] ======================================================================
[2025-10-04 03:33:49] 
➡️  V7 → DARWIN
[2025-10-04 03:33:49]    ⚠️ V7 sem checkpoints
[2025-10-04 03:33:49] 
⬅️  DARWIN → V7
[2025-10-04 03:33:49]    ⚠️ Darwin sem checkpoints
[2025-10-04 03:33:49] ⚠️ Sem checkpoints para transferir
[2025-10-04 03:33:49] 
⏳ Próximo transfer em 180s...
[2025-10-04 03:36:49] 
======================================================================
[2025-10-04 03:36:49] TRANSFER 2/50
[2025-10-04 03:36:49] ======================================================================
[2025-10-04 03:36:49] 
➡️  V7 → DARWIN
[2025-10-04 03:36:49]    ⚠️ V7 sem checkpoints
[2025-10-04 03:36:49] 
⬅️  DARWIN → V7
[2025-10-04 03:36:49]    ⚠️ Darwin sem checkpoints
[2025-10-04 03:36:49] ⚠️ Sem checkpoints para transferir
[2025-10-04 03:36:49] 
⏳ Próximo transfer em 180s...
[2025-10-04 03:39:49] 
======================================================================
[2025-10-04 03:39:49] TRANSFER 3/50
[2025-10-04 03:39:49] ======================================================================
[2025-10-04 03:39:49] 
➡️  V7 → DARWIN
[2025-10-04 03:39:49]    ⚠️ V7 sem checkpoints
[2025-10-04 03:39:49] 
⬅️  DARWIN → V7
[2025-10-04 03:39:49]    ⚠️ Darwin sem checkpoints
[2025-10-04 03:39:49] ⚠️ Sem checkpoints para transferir
[2025-10-04 03:39:49] 
⏳ Próximo transfer em 180s...
[2025-10-04 03:42:49] 
======================================================================
[2025-10-04 03:42:49] TRANSFER 4/50
[2025-10-04 03:42:49] ======================================================================
[2025-10-04 03:42:49] 
➡️  V7 → DARWIN
[2025-10-04 03:42:49]    ⚠️ V7 sem checkpoints
[2025-10-04 03:42:49] 
⬅️  DARWIN → V7
[2025-10-04 03:42:49]    ⚠️ Darwin sem checkpoints
[2025-10-04 03:42:49] ⚠️ Sem checkpoints para transferir
[2025-10-04 03:42:49] 
⏳ Próximo transfer em 180s...
[2025-10-04 03:45:49] 
======================================================================
[2025-10-04 03:45:49] TRANSFER 5/50
[2025-10-04 03:45:49] ======================================================================
[2025-10-04 03:45:49] 
➡️  V7 → DARWIN
[2025-10-04 03:45:49]    ⚠️ V7 sem checkpoints
[2025-10-04 03:45:49] 
⬅️  DARWIN → V7
[2025-10-04 03:45:49]    ⚠️ Darwin sem checkpoints
[2025-10-04 03:45:49] ⚠️ Sem checkpoints para transferir
[2025-10-04 03:45:49] 
⏳ Próximo transfer em 180s...
[2025-10-04 03:48:49] 
======================================================================
[2025-10-04 03:48:49] TRANSFER 6/50
[2025-10-04 03:48:49] ======================================================================
[2025-10-04 03:48:49] 
➡️  V7 → DARWIN
[2025-10-04 03:48:49]    ⚠️ V7 sem checkpoints
[2025-10-04 03:48:49] 
⬅️  DARWIN → V7
[2025-10-04 03:48:49]    ⚠️ Darwin sem checkpoints
[2025-10-04 03:48:49] ⚠️ Sem checkpoints para transferir
[2025-10-04 03:48:49] 
⏳ Próximo transfer em 180s...
[2025-10-04 03:51:49] 
======================================================================
[2025-10-04 03:51:49] TRANSFER 7/50
[2025-10-04 03:51:49] ======================================================================
[2025-10-04 03:51:49] 
➡️  V7 → DARWIN
[2025-10-04 03:51:49]    ⚠️ V7 sem checkpoints
[2025-10-04 03:51:49] 
⬅️  DARWIN → V7
[2025-10-04 03:51:49]    ⚠️ Darwin sem checkpoints
[2025-10-04 03:51:49] ⚠️ Sem checkpoints para transferir
[2025-10-04 03:51:49] 
⏳ Próximo transfer em 180s...
[2025-10-04 03:54:50] 
======================================================================
[2025-10-04 03:54:50] TRANSFER 8/50
[2025-10-04 03:54:50] ======================================================================
[2025-10-04 03:54:50] 
➡️  V7 → DARWIN
[2025-10-04 03:54:50]    ⚠️ V7 sem checkpoints
[2025-10-04 03:54:50] 
⬅️  DARWIN → V7
[2025-10-04 03:54:50]    ⚠️ Darwin sem checkpoints
[2025-10-04 03:54:50] ⚠️ Sem checkpoints para transferir
[2025-10-04 03:54:50] 
⏳ Próximo transfer em 180s...
[2025-10-04 03:57:50] 
======================================================================
[2025-10-04 03:57:50] TRANSFER 9/50
[2025-10-04 03:57:50] ======================================================================
[2025-10-04 03:57:50] 
➡️  V7 → DARWIN
[2025-10-04 03:57:50]    ⚠️ V7 sem checkpoints
[2025-10-04 03:57:50] 
⬅️  DARWIN → V7
[2025-10-04 03:57:50]    ⚠️ Darwin sem checkpoints
[2025-10-04 03:57:50] ⚠️ Sem checkpoints para transferir
[2025-10-04 03:57:50] 
⏳ Próximo transfer em 180s...
[2025-10-04 04:00:50] 
======================================================================
[2025-10-04 04:00:50] TRANSFER 10/50
[2025-10-04 04:00:50] ======================================================================
[2025-10-04 04:00:50] 
➡️  V7 → DARWIN
[2025-10-04 04:00:50]    ⚠️ V7 sem checkpoints
[2025-10-04 04:00:50] 
⬅️  DARWIN → V7
[2025-10-04 04:00:50]    ⚠️ Darwin sem checkpoints
[2025-10-04 04:00:50] ⚠️ Sem checkpoints para transferir
[2025-10-04 04:00:50] 
⏳ Próximo transfer em 180s...
[2025-10-04 04:03:50] 
======================================================================
[2025-10-04 04:03:50] TRANSFER 11/50
[2025-10-04 04:03:50] ======================================================================
[2025-10-04 04:03:50] 
➡️  V7 → DARWIN
[2025-10-04 04:03:50]    ⚠️ V7 sem checkpoints
[2025-10-04 04:03:50] 
⬅️  DARWIN → V7
[2025-10-04 04:03:50]    ⚠️ Darwin sem checkpoints
[2025-10-04 04:03:50] ⚠️ Sem checkpoints para transferir
[2025-10-04 04:03:50] 
⏳ Próximo transfer em 180s...
[2025-10-04 04:06:50] 
======================================================================
[2025-10-04 04:06:50] TRANSFER 12/50
[2025-10-04 04:06:50] ======================================================================
[2025-10-04 04:06:50] 
➡️  V7 → DARWIN
[2025-10-04 04:06:50]    ⚠️ V7 sem checkpoints
[2025-10-04 04:06:50] 
⬅️  DARWIN → V7
[2025-10-04 04:06:50]    ⚠️ Darwin sem checkpoints
[2025-10-04 04:06:50] ⚠️ Sem checkpoints para transferir
[2025-10-04 04:06:50] 
⏳ Próximo transfer em 180s...
[2025-10-04 04:09:50] 
======================================================================
[2025-10-04 04:09:50] TRANSFER 13/50
[2025-10-04 04:09:50] ======================================================================
[2025-10-04 04:09:50] 
➡️  V7 → DARWIN
[2025-10-04 04:09:50]    ⚠️ V7 sem checkpoints
[2025-10-04 04:09:50] 
⬅️  DARWIN → V7
[2025-10-04 04:09:50]    ⚠️ Darwin sem checkpoints
[2025-10-04 04:09:50] ⚠️ Sem checkpoints para transferir
[2025-10-04 04:09:50] 
⏳ Próximo transfer em 180s...
[2025-10-04 04:12:50] 
======================================================================
[2025-10-04 04:12:50] TRANSFER 14/50
[2025-10-04 04:12:50] ======================================================================
[2025-10-04 04:12:50] 
➡️  V7 → DARWIN
[2025-10-04 04:12:50]    ⚠️ V7 sem checkpoints
[2025-10-04 04:12:50] 
⬅️  DARWIN → V7
[2025-10-04 04:12:50]    ⚠️ Darwin sem checkpoints
[2025-10-04 04:12:50] ⚠️ Sem checkpoints para transferir
[2025-10-04 04:12:50] 
⏳ Próximo transfer em 180s...
[2025-10-04 04:15:50] 
======================================================================
[2025-10-04 04:15:50] TRANSFER 15/50
[2025-10-04 04:15:50] ======================================================================
[2025-10-04 04:15:50] 
➡️  V7 → DARWIN
[2025-10-04 04:15:50]    ⚠️ V7 sem checkpoints
[2025-10-04 04:15:50] 
⬅️  DARWIN → V7
[2025-10-04 04:15:50]    ⚠️ Darwin sem checkpoints
[2025-10-04 04:15:50] ⚠️ Sem checkpoints para transferir
[2025-10-04 04:15:50] 
⏳ Próximo transfer em 180s...
[2025-10-04 04:18:50] 
======================================================================
[2025-10-04 04:18:50] TRANSFER 16/50
[2025-10-04 04:18:50] ======================================================================
[2025-10-04 04:18:50] 
➡️  V7 → DARWIN
[2025-10-04 04:18:50]    ⚠️ V7 sem checkpoints
[2025-10-04 04:18:50] 
⬅️  DARWIN → V7
[2025-10-04 04:18:50]    ⚠️ Darwin sem checkpoints
[2025-10-04 04:18:50] ⚠️ Sem checkpoints para transferir
[2025-10-04 04:18:50] 
⏳ Próximo transfer em 180s...
[2025-10-04 04:21:50] 
======================================================================
[2025-10-04 04:21:50] TRANSFER 17/50
[2025-10-04 04:21:50] ======================================================================
[2025-10-04 04:21:50] 
➡️  V7 → DARWIN
[2025-10-04 04:21:50]    ⚠️ V7 sem checkpoints
[2025-10-04 04:21:50] 
⬅️  DARWIN → V7
[2025-10-04 04:21:50]    ⚠️ Darwin sem checkpoints
[2025-10-04 04:21:50] ⚠️ Sem checkpoints para transferir
[2025-10-04 04:21:50] 
⏳ Próximo transfer em 180s...
[2025-10-04 04:24:51] 
======================================================================
[2025-10-04 04:24:51] TRANSFER 18/50
[2025-10-04 04:24:51] ======================================================================
[2025-10-04 04:24:51] 
➡️  V7 → DARWIN
[2025-10-04 04:24:51]    ⚠️ V7 sem checkpoints
[2025-10-04 04:24:51] 
⬅️  DARWIN → V7
[2025-10-04 04:24:51]    ⚠️ Darwin sem checkpoints
[2025-10-04 04:24:51] ⚠️ Sem checkpoints para transferir
[2025-10-04 04:24:51] 
⏳ Próximo transfer em 180s...
[2025-10-04 04:27:51] 
======================================================================
[2025-10-04 04:27:51] TRANSFER 19/50
[2025-10-04 04:27:51] ======================================================================
[2025-10-04 04:27:51] 
➡️  V7 → DARWIN
[2025-10-04 04:27:51]    ⚠️ V7 sem checkpoints
[2025-10-04 04:27:51] 
⬅️  DARWIN → V7
[2025-10-04 04:27:51]    ⚠️ Darwin sem checkpoints
[2025-10-04 04:27:51] ⚠️ Sem checkpoints para transferir
[2025-10-04 04:27:51] 
⏳ Próximo transfer em 180s...
[2025-10-04 04:30:51] 
======================================================================
[2025-10-04 04:30:51] TRANSFER 20/50
[2025-10-04 04:30:51] ======================================================================
[2025-10-04 04:30:51] 
➡️  V7 → DARWIN
[2025-10-04 04:30:51]    ⚠️ V7 sem checkpoints
[2025-10-04 04:30:51] 
⬅️  DARWIN → V7
[2025-10-04 04:30:51]    ⚠️ Darwin sem checkpoints
[2025-10-04 04:30:51] ⚠️ Sem checkpoints para transferir
[2025-10-04 04:30:51] 
⏳ Próximo transfer em 180s...
[2025-10-04 04:33:51] 
======================================================================
[2025-10-04 04:33:51] TRANSFER 21/50
[2025-10-04 04:33:51] ======================================================================
[2025-10-04 04:33:51] 
➡️  V7 → DARWIN
[2025-10-04 04:33:51]    ⚠️ V7 sem checkpoints
[2025-10-04 04:33:51] 
⬅️  DARWIN → V7
[2025-10-04 04:33:51]    ⚠️ Darwin sem checkpoints
[2025-10-04 04:33:51] ⚠️ Sem checkpoints para transferir
[2025-10-04 04:33:51] 
⏳ Próximo transfer em 180s...
[2025-10-04 04:36:51] 
======================================================================
[2025-10-04 04:36:51] TRANSFER 22/50
[2025-10-04 04:36:51] ======================================================================
[2025-10-04 04:36:51] 
➡️  V7 → DARWIN
[2025-10-04 04:36:51]    ⚠️ V7 sem checkpoints
[2025-10-04 04:36:51] 
⬅️  DARWIN → V7
[2025-10-04 04:36:51]    ⚠️ Darwin sem checkpoints
[2025-10-04 04:36:51] ⚠️ Sem checkpoints para transferir
[2025-10-04 04:36:51] 
⏳ Próximo transfer em 180s...
[2025-10-04 04:39:51] 
======================================================================
[2025-10-04 04:39:51] TRANSFER 23/50
[2025-10-04 04:39:51] ======================================================================
[2025-10-04 04:39:51] 
➡️  V7 → DARWIN
[2025-10-04 04:39:51]    ⚠️ V7 sem checkpoints
[2025-10-04 04:39:51] 
⬅️  DARWIN → V7
[2025-10-04 04:39:51]    ⚠️ Darwin sem checkpoints
[2025-10-04 04:39:51] ⚠️ Sem checkpoints para transferir
[2025-10-04 04:39:51] 
⏳ Próximo transfer em 180s...
[2025-10-04 04:42:51] 
======================================================================
[2025-10-04 04:42:51] TRANSFER 24/50
[2025-10-04 04:42:51] ======================================================================
[2025-10-04 04:42:51] 
➡️  V7 → DARWIN
[2025-10-04 04:42:51]    ⚠️ V7 sem checkpoints
[2025-10-04 04:42:51] 
⬅️  DARWIN → V7
[2025-10-04 04:42:51]    ⚠️ Darwin sem checkpoints
[2025-10-04 04:42:51] ⚠️ Sem checkpoints para transferir
[2025-10-04 04:42:51] 
⏳ Próximo transfer em 180s...
[2025-10-04 04:45:51] 
======================================================================
[2025-10-04 04:45:51] TRANSFER 25/50
[2025-10-04 04:45:51] ======================================================================
[2025-10-04 04:45:51] 
➡️  V7 → DARWIN
[2025-10-04 04:45:51]    ⚠️ V7 sem checkpoints
[2025-10-04 04:45:51] 
⬅️  DARWIN → V7
[2025-10-04 04:45:51]    ⚠️ Darwin sem checkpoints
[2025-10-04 04:45:51] ⚠️ Sem checkpoints para transferir
[2025-10-04 04:45:51] 
⏳ Próximo transfer em 180s...
[2025-10-04 04:48:51] 
======================================================================
[2025-10-04 04:48:51] TRANSFER 26/50
[2025-10-04 04:48:51] ======================================================================
[2025-10-04 04:48:51] 
➡️  V7 → DARWIN
[2025-10-04 04:48:51]    ⚠️ V7 sem checkpoints
[2025-10-04 04:48:51] 
⬅️  DARWIN → V7
[2025-10-04 04:48:51]    ⚠️ Darwin sem checkpoints
[2025-10-04 04:48:51] ⚠️ Sem checkpoints para transferir
[2025-10-04 04:48:51] 
⏳ Próximo transfer em 180s...
[2025-10-04 04:51:52] 
======================================================================
[2025-10-04 04:51:52] TRANSFER 27/50
[2025-10-04 04:51:52] ======================================================================
[2025-10-04 04:51:52] 
➡️  V7 → DARWIN
[2025-10-04 04:51:52]    ⚠️ V7 sem checkpoints
[2025-10-04 04:51:52] 
⬅️  DARWIN → V7
[2025-10-04 04:51:52]    ⚠️ Darwin sem checkpoints
[2025-10-04 04:51:52] ⚠️ Sem checkpoints para transferir
[2025-10-04 04:51:52] 
⏳ Próximo transfer em 180s...
[2025-10-04 04:54:52] 
======================================================================
[2025-10-04 04:54:52] TRANSFER 28/50
[2025-10-04 04:54:52] ======================================================================
[2025-10-04 04:54:52] 
➡️  V7 → DARWIN
[2025-10-04 04:54:52]    ⚠️ V7 sem checkpoints
[2025-10-04 04:54:52] 
⬅️  DARWIN → V7
[2025-10-04 04:54:52]    ⚠️ Darwin sem checkpoints
[2025-10-04 04:54:52] ⚠️ Sem checkpoints para transferir
[2025-10-04 04:54:52] 
⏳ Próximo transfer em 180s...
[2025-10-04 04:57:52] 
======================================================================
[2025-10-04 04:57:52] TRANSFER 29/50
[2025-10-04 04:57:52] ======================================================================
[2025-10-04 04:57:52] 
➡️  V7 → DARWIN
[2025-10-04 04:57:52]    ⚠️ V7 sem checkpoints
[2025-10-04 04:57:52] 
⬅️  DARWIN → V7
[2025-10-04 04:57:52]    ⚠️ Darwin sem checkpoints
[2025-10-04 04:57:52] ⚠️ Sem checkpoints para transferir
[2025-10-04 04:57:52] 
⏳ Próximo transfer em 180s...
[2025-10-04 05:00:52] 
======================================================================
[2025-10-04 05:00:52] TRANSFER 30/50
[2025-10-04 05:00:52] ======================================================================
[2025-10-04 05:00:52] 
➡️  V7 → DARWIN
[2025-10-04 05:00:52]    ⚠️ V7 sem checkpoints
[2025-10-04 05:00:52] 
⬅️  DARWIN → V7
[2025-10-04 05:00:52]    ⚠️ Darwin sem checkpoints
[2025-10-04 05:00:52] ⚠️ Sem checkpoints para transferir
[2025-10-04 05:00:52] 
⏳ Próximo transfer em 180s...
[2025-10-04 05:03:52] 
======================================================================
[2025-10-04 05:03:52] TRANSFER 31/50
[2025-10-04 05:03:52] ======================================================================
[2025-10-04 05:03:52] 
➡️  V7 → DARWIN
[2025-10-04 05:03:52]    ⚠️ V7 sem checkpoints
[2025-10-04 05:03:52] 
⬅️  DARWIN → V7
[2025-10-04 05:03:52]    ⚠️ Darwin sem checkpoints
[2025-10-04 05:03:52] ⚠️ Sem checkpoints para transferir
[2025-10-04 05:03:52] 
⏳ Próximo transfer em 180s...
[2025-10-04 05:06:52] 
======================================================================
[2025-10-04 05:06:52] TRANSFER 32/50
[2025-10-04 05:06:52] ======================================================================
[2025-10-04 05:06:52] 
➡️  V7 → DARWIN
[2025-10-04 05:06:52]    ⚠️ V7 sem checkpoints
[2025-10-04 05:06:52] 
⬅️  DARWIN → V7
[2025-10-04 05:06:52]    ⚠️ Darwin sem checkpoints
[2025-10-04 05:06:52] ⚠️ Sem checkpoints para transferir
[2025-10-04 05:06:52] 
⏳ Próximo transfer em 180s...
[2025-10-04 05:09:52] 
======================================================================
[2025-10-04 05:09:52] TRANSFER 33/50
[2025-10-04 05:09:52] ======================================================================
[2025-10-04 05:09:52] 
➡️  V7 → DARWIN
[2025-10-04 05:09:52]    ⚠️ V7 sem checkpoints
[2025-10-04 05:09:52] 
⬅️  DARWIN → V7
[2025-10-04 05:09:52]    ⚠️ Darwin sem checkpoints
[2025-10-04 05:09:52] ⚠️ Sem checkpoints para transferir
[2025-10-04 05:09:52] 
⏳ Próximo transfer em 180s...
[2025-10-04 05:12:52] 
======================================================================
[2025-10-04 05:12:52] TRANSFER 34/50
[2025-10-04 05:12:52] ======================================================================
[2025-10-04 05:12:52] 
➡️  V7 → DARWIN
[2025-10-04 05:12:52]    ⚠️ V7 sem checkpoints
[2025-10-04 05:12:52] 
⬅️  DARWIN → V7
[2025-10-04 05:12:52]    ⚠️ Darwin sem checkpoints
[2025-10-04 05:12:52] ⚠️ Sem checkpoints para transferir
[2025-10-04 05:12:52] 
⏳ Próximo transfer em 180s...
[2025-10-04 05:15:52] 
======================================================================
[2025-10-04 05:15:52] TRANSFER 35/50
[2025-10-04 05:15:52] ======================================================================
[2025-10-04 05:15:52] 
➡️  V7 → DARWIN
[2025-10-04 05:15:52]    ⚠️ V7 sem checkpoints
[2025-10-04 05:15:52] 
⬅️  DARWIN → V7
[2025-10-04 05:15:52]    ⚠️ Darwin sem checkpoints
[2025-10-04 05:15:52] ⚠️ Sem checkpoints para transferir
[2025-10-04 05:15:52] 
⏳ Próximo transfer em 180s...
[2025-10-04 05:18:52] 
======================================================================
[2025-10-04 05:18:52] TRANSFER 36/50
[2025-10-04 05:18:52] ======================================================================
[2025-10-04 05:18:52] 
➡️  V7 → DARWIN
[2025-10-04 05:18:52]    ⚠️ V7 sem checkpoints
[2025-10-04 05:18:52] 
⬅️  DARWIN → V7
[2025-10-04 05:18:52]    ⚠️ Darwin sem checkpoints
[2025-10-04 05:18:52] ⚠️ Sem checkpoints para transferir
[2025-10-04 05:18:52] 
⏳ Próximo transfer em 180s...
[2025-10-04 05:21:53] 
======================================================================
[2025-10-04 05:21:53] TRANSFER 37/50
[2025-10-04 05:21:53] ======================================================================
[2025-10-04 05:21:53] 
➡️  V7 → DARWIN
[2025-10-04 05:21:53]    ⚠️ V7 sem checkpoints
[2025-10-04 05:21:53] 
⬅️  DARWIN → V7
[2025-10-04 05:21:53]    ⚠️ Darwin sem checkpoints
[2025-10-04 05:21:53] ⚠️ Sem checkpoints para transferir
[2025-10-04 05:21:53] 
⏳ Próximo transfer em 180s...
[2025-10-04 05:24:53] 
======================================================================
[2025-10-04 05:24:53] TRANSFER 38/50
[2025-10-04 05:24:53] ======================================================================
[2025-10-04 05:24:53] 
➡️  V7 → DARWIN
[2025-10-04 05:24:53]    ⚠️ V7 sem checkpoints
[2025-10-04 05:24:53] 
⬅️  DARWIN → V7
[2025-10-04 05:24:53]    ⚠️ Darwin sem checkpoints
[2025-10-04 05:24:53] ⚠️ Sem checkpoints para transferir
[2025-10-04 05:24:53] 
⏳ Próximo transfer em 180s...
[2025-10-04 05:27:53] 
======================================================================
[2025-10-04 05:27:53] TRANSFER 39/50
[2025-10-04 05:27:53] ======================================================================
[2025-10-04 05:27:53] 
➡️  V7 → DARWIN
[2025-10-04 05:27:53]    ⚠️ V7 sem checkpoints
[2025-10-04 05:27:53] 
⬅️  DARWIN → V7
[2025-10-04 05:27:53]    ⚠️ Darwin sem checkpoints
[2025-10-04 05:27:53] ⚠️ Sem checkpoints para transferir
[2025-10-04 05:27:53] 
⏳ Próximo transfer em 180s...
[2025-10-04 05:30:53] 
======================================================================
[2025-10-04 05:30:53] TRANSFER 40/50
[2025-10-04 05:30:53] ======================================================================
[2025-10-04 05:30:53] 
➡️  V7 → DARWIN
[2025-10-04 05:30:53]    ⚠️ V7 sem checkpoints
[2025-10-04 05:30:53] 
⬅️  DARWIN → V7
[2025-10-04 05:30:53]    ⚠️ Darwin sem checkpoints
[2025-10-04 05:30:53] ⚠️ Sem checkpoints para transferir
[2025-10-04 05:30:53] 
⏳ Próximo transfer em 180s...
[2025-10-04 05:33:53] 
======================================================================
[2025-10-04 05:33:53] TRANSFER 41/50
[2025-10-04 05:33:53] ======================================================================
[2025-10-04 05:33:53] 
➡️  V7 → DARWIN
[2025-10-04 05:33:53]    ⚠️ V7 sem checkpoints
[2025-10-04 05:33:53] 
⬅️  DARWIN → V7
[2025-10-04 05:33:53]    ⚠️ Darwin sem checkpoints
[2025-10-04 05:33:53] ⚠️ Sem checkpoints para transferir
[2025-10-04 05:33:53] 
⏳ Próximo transfer em 180s...
[2025-10-04 05:36:53] 
======================================================================
[2025-10-04 05:36:53] TRANSFER 42/50
[2025-10-04 05:36:53] ======================================================================
[2025-10-04 05:36:53] 
➡️  V7 → DARWIN
[2025-10-04 05:36:53]    ⚠️ V7 sem checkpoints
[2025-10-04 05:36:53] 
⬅️  DARWIN → V7
[2025-10-04 05:36:53]    ⚠️ Darwin sem checkpoints
[2025-10-04 05:36:53] ⚠️ Sem checkpoints para transferir
[2025-10-04 05:36:53] 
⏳ Próximo transfer em 180s...
[2025-10-04 05:39:53] 
======================================================================
[2025-10-04 05:39:53] TRANSFER 43/50
[2025-10-04 05:39:53] ======================================================================
[2025-10-04 05:39:53] 
➡️  V7 → DARWIN
[2025-10-04 05:39:53]    ⚠️ V7 sem checkpoints
[2025-10-04 05:39:53] 
⬅️  DARWIN → V7
[2025-10-04 05:39:53]    ⚠️ Darwin sem checkpoints
[2025-10-04 05:39:53] ⚠️ Sem checkpoints para transferir
[2025-10-04 05:39:53] 
⏳ Próximo transfer em 180s...
[2025-10-04 05:42:53] 
======================================================================
[2025-10-04 05:42:53] TRANSFER 44/50
[2025-10-04 05:42:53] ======================================================================
[2025-10-04 05:42:53] 
➡️  V7 → DARWIN
[2025-10-04 05:42:53]    ⚠️ V7 sem checkpoints
[2025-10-04 05:42:53] 
⬅️  DARWIN → V7
[2025-10-04 05:42:53]    ⚠️ Darwin sem checkpoints
[2025-10-04 05:42:53] ⚠️ Sem checkpoints para transferir
[2025-10-04 05:42:53] 
⏳ Próximo transfer em 180s...
[2025-10-04 05:45:53] 
======================================================================
[2025-10-04 05:45:53] TRANSFER 45/50
[2025-10-04 05:45:53] ======================================================================
[2025-10-04 05:45:53] 
➡️  V7 → DARWIN
[2025-10-04 05:45:53]    ⚠️ V7 sem checkpoints
[2025-10-04 05:45:53] 
⬅️  DARWIN → V7
[2025-10-04 05:45:53]    ⚠️ Darwin sem checkpoints
[2025-10-04 05:45:53] ⚠️ Sem checkpoints para transferir
[2025-10-04 05:45:53] 
⏳ Próximo transfer em 180s...
[2025-10-04 05:48:53] 
======================================================================
[2025-10-04 05:48:53] TRANSFER 46/50
[2025-10-04 05:48:53] ======================================================================
[2025-10-04 05:48:53] 
➡️  V7 → DARWIN
[2025-10-04 05:48:53]    ⚠️ V7 sem checkpoints
[2025-10-04 05:48:53] 
⬅️  DARWIN → V7
[2025-10-04 05:48:53]    ⚠️ Darwin sem checkpoints
[2025-10-04 05:48:53] ⚠️ Sem checkpoints para transferir
[2025-10-04 05:48:53] 
⏳ Próximo transfer em 180s...
[2025-10-04 05:51:54] 
======================================================================
[2025-10-04 05:51:54] TRANSFER 47/50
[2025-10-04 05:51:54] ======================================================================
[2025-10-04 05:51:54] 
➡️  V7 → DARWIN
[2025-10-04 05:51:54]    ⚠️ V7 sem checkpoints
[2025-10-04 05:51:54] 
⬅️  DARWIN → V7
[2025-10-04 05:51:54]    ⚠️ Darwin sem checkpoints
[2025-10-04 05:51:54] ⚠️ Sem checkpoints para transferir
[2025-10-04 05:51:54] 
⏳ Próximo transfer em 180s...
[2025-10-04 05:54:54] 
======================================================================
[2025-10-04 05:54:54] TRANSFER 48/50
[2025-10-04 05:54:54] ======================================================================
[2025-10-04 05:54:54] 
➡️  V7 → DARWIN
[2025-10-04 05:54:54]    ⚠️ V7 sem checkpoints
[2025-10-04 05:54:54] 
⬅️  DARWIN → V7
[2025-10-04 05:54:54]    ⚠️ Darwin sem checkpoints
[2025-10-04 05:54:54] ⚠️ Sem checkpoints para transferir
[2025-10-04 05:54:54] 
⏳ Próximo transfer em 180s...
[2025-10-04 05:57:54] 
======================================================================
[2025-10-04 05:57:54] TRANSFER 49/50
[2025-10-04 05:57:54] ======================================================================
[2025-10-04 05:57:54] 
➡️  V7 → DARWIN
[2025-10-04 05:57:54]    ⚠️ V7 sem checkpoints
[2025-10-04 05:57:54] 
⬅️  DARWIN → V7
[2025-10-04 05:57:54]    ⚠️ Darwin sem checkpoints
[2025-10-04 05:57:54] ⚠️ Sem checkpoints para transferir
[2025-10-04 05:57:54] 
⏳ Próximo transfer em 180s...
[2025-10-04 06:00:54] 
======================================================================
[2025-10-04 06:00:54] TRANSFER 50/50
[2025-10-04 06:00:54] ======================================================================
[2025-10-04 06:00:54] 
➡️  V7 → DARWIN
[2025-10-04 06:00:54]    ⚠️ V7 sem checkpoints
[2025-10-04 06:00:54] 
⬅️  DARWIN → V7
[2025-10-04 06:00:54]    ⚠️ Darwin sem checkpoints
[2025-10-04 06:00:54] ⚠️ Sem checkpoints para transferir
[2025-10-04 06:00:54] 
✅ BRIDGE COMPLETO!
